2017-01-10 16:48:43,150 :: INFO :: Starting Microservice i
2017-01-10 16:48:43,350 :: INFO :: Starting Microservice i
2017-01-10 16:49:43,208 :: INFO :: *** Start processing id 2 ***
2017-01-10 16:49:43,209 :: INFO :: *** 2 is unknown ***
2017-01-10 16:49:43,209 :: INFO :: *** End processing id 2 ***
2017-01-10 16:49:48,185 :: INFO :: *** Start processing id 1 ***
2017-01-10 16:49:48,186 :: INFO :: *** 1 is in the database ***
2017-01-10 16:49:48,187 :: INFO :: *** End processing id 1 ***
2017-01-10 16:50:12,423 :: INFO :: *** Start processing id 2 ***
2017-01-10 16:50:12,424 :: INFO :: *** 2 is unknown ***
2017-01-10 16:50:12,424 :: INFO :: *** End processing id 2 ***
2017-01-10 16:50:45,211 :: INFO :: *** Start processing id 2 ***
2017-01-10 16:50:45,212 :: INFO :: *** 2 is unknown ***
2017-01-10 16:50:45,212 :: INFO :: *** End processing id 2 ***
2017-01-10 16:50:46,810 :: INFO :: *** Start processing id 2 ***
2017-01-10 16:50:46,811 :: INFO :: *** 2 is unknown ***
2017-01-10 16:50:46,811 :: INFO :: *** End processing id 2 ***
2017-01-10 16:50:47,378 :: INFO :: *** Start processing id 2 ***
2017-01-10 16:50:47,379 :: INFO :: *** 2 is unknown ***
2017-01-10 16:50:47,379 :: INFO :: *** End processing id 2 ***
2017-01-10 16:51:05,080 :: INFO :: *** Start processing id 2 ***
2017-01-10 16:51:05,081 :: INFO :: *** 2 is unknown ***
2017-01-10 16:51:05,082 :: INFO :: *** End processing id 2 ***
2017-01-10 16:51:05,986 :: INFO :: *** Start processing id 2 ***
2017-01-10 16:51:05,987 :: INFO :: *** 2 is unknown ***
2017-01-10 16:51:05,987 :: INFO :: *** End processing id 2 ***
2017-01-10 16:51:06,979 :: INFO :: *** Start processing id 2 ***
2017-01-10 16:51:06,980 :: INFO :: *** 2 is unknown ***
2017-01-10 16:51:06,981 :: INFO :: *** End processing id 2 ***
2017-01-10 16:51:20,778 :: INFO :: *** Start processing id 2 ***
2017-01-10 16:51:20,779 :: INFO :: *** 2 is unknown ***
2017-01-10 16:51:20,779 :: INFO :: *** End processing id 2 ***
2017-01-10 16:51:37,673 :: INFO :: Starting Microservice i
2017-01-10 16:51:37,856 :: INFO :: Starting Microservice i
2017-01-10 16:51:41,105 :: INFO :: *** Start processing id 2 ***
2017-01-10 16:51:41,105 :: INFO :: *** 2 is in the database ***
2017-01-10 16:51:41,106 :: INFO :: *** End processing id 2 ***
2017-01-10 16:52:34,211 :: INFO :: Starting Microservice i
2017-01-10 16:52:35,410 :: INFO :: Starting Microservice i
2017-01-10 16:52:57,297 :: INFO :: *** Start processing id 2 ***
2017-01-10 16:52:57,297 :: INFO :: *** 2 is in the database ***
2017-01-10 16:52:57,298 :: INFO :: *** End processing id 2 ***
2017-01-10 16:52:59,246 :: INFO :: *** Start processing id 3 ***
2017-01-10 16:52:59,247 :: INFO :: *** 3 is unknown ***
2017-01-10 16:52:59,247 :: INFO :: *** End processing id 3 ***
2017-01-10 16:53:23,973 :: INFO :: *** Start processing id 3 ***
2017-01-10 16:53:23,974 :: INFO :: *** 3 is unknown ***
2017-01-10 16:53:23,974 :: INFO :: *** End processing id 3 ***
2017-01-10 16:53:25,140 :: INFO :: *** Start processing id 3 ***
2017-01-10 16:53:25,141 :: INFO :: *** 3 is unknown ***
2017-01-10 16:53:25,141 :: INFO :: *** End processing id 3 ***
2017-01-10 16:53:25,877 :: INFO :: *** Start processing id 3 ***
2017-01-10 16:53:25,877 :: INFO :: *** 3 is unknown ***
2017-01-10 16:53:25,878 :: INFO :: *** End processing id 3 ***
2017-01-10 16:53:26,364 :: INFO :: *** Start processing id 3 ***
2017-01-10 16:53:26,365 :: INFO :: *** 3 is unknown ***
2017-01-10 16:53:26,365 :: INFO :: *** End processing id 3 ***
2017-01-10 16:53:26,780 :: INFO :: *** Start processing id 3 ***
2017-01-10 16:53:26,781 :: INFO :: *** 3 is unknown ***
2017-01-10 16:53:26,782 :: INFO :: *** End processing id 3 ***
2017-01-10 16:53:27,239 :: INFO :: *** Start processing id 3 ***
2017-01-10 16:53:27,240 :: INFO :: *** 3 is unknown ***
2017-01-10 16:53:27,240 :: INFO :: *** End processing id 3 ***
2017-01-10 16:53:29,149 :: INFO :: *** Start processing id 2 ***
2017-01-10 16:53:29,150 :: INFO :: *** 2 is in the database ***
2017-01-10 16:53:29,150 :: INFO :: *** End processing id 2 ***
2017-01-10 16:53:30,413 :: INFO :: *** Start processing id 3 ***
2017-01-10 16:53:30,414 :: INFO :: *** 3 is unknown ***
2017-01-10 16:53:30,415 :: INFO :: *** End processing id 3 ***
2017-01-10 16:53:31,276 :: INFO :: *** Start processing id 3 ***
2017-01-10 16:53:31,277 :: INFO :: *** 3 is unknown ***
2017-01-10 16:53:31,277 :: INFO :: *** End processing id 3 ***
2017-01-10 16:54:14,962 :: INFO :: Starting Microservice i
2017-01-10 16:54:21,182 :: INFO :: Starting Microservice i
2017-01-10 16:54:26,388 :: INFO :: Starting Microservice i
2017-01-10 16:54:37,591 :: INFO :: Starting Microservice i
2017-01-10 16:54:41,778 :: INFO :: Starting Microservice i
2017-01-10 16:54:45,501 :: INFO :: Starting Microservice i
2017-01-10 16:54:45,636 :: INFO :: Starting Microservice i
2017-01-10 16:54:48,627 :: INFO :: *** Start processing id 3 ***
2017-01-10 16:55:14,913 :: INFO :: Starting Microservice i
2017-01-10 16:55:19,090 :: INFO :: Starting Microservice i
2017-01-10 16:55:22,781 :: INFO :: Starting Microservice i
2017-01-10 16:55:22,918 :: INFO :: Starting Microservice i
2017-01-10 16:55:26,969 :: INFO :: *** Start processing id 3 ***
2017-01-10 16:55:37,171 :: INFO :: Starting Microservice i
2017-01-10 16:55:40,351 :: INFO :: Starting Microservice i
2017-01-10 16:55:41,970 :: INFO :: Starting Microservice i
2017-01-10 16:55:42,104 :: INFO :: Starting Microservice i
2017-01-10 16:55:44,687 :: INFO :: *** Start processing id 3 ***
2017-01-10 16:55:56,346 :: INFO :: Starting Microservice i
2017-01-10 16:55:59,297 :: INFO :: *** Start processing id 3 ***
2017-01-10 16:55:59,300 :: INFO :: *** 3 is in the database ***
2017-01-10 16:55:59,302 :: INFO :: *** End processing id 3 ***
2017-01-10 16:56:01,115 :: INFO :: *** Start processing id 2 ***
2017-01-10 16:56:01,116 :: INFO :: *** 2 is in the database ***
2017-01-10 16:56:01,117 :: INFO :: *** End processing id 2 ***
2017-01-10 16:56:03,468 :: INFO :: *** Start processing id 3 ***
2017-01-10 16:56:03,470 :: INFO :: *** 3 is in the database ***
2017-01-10 16:56:03,471 :: INFO :: *** End processing id 3 ***
2017-01-10 16:56:26,736 :: INFO :: *** Start processing id 4 ***
2017-01-10 16:56:26,738 :: INFO :: *** 4 is unknown ***
2017-01-10 16:56:26,738 :: INFO :: *** End processing id 4 ***
2017-01-10 16:57:02,853 :: INFO :: *** Start processing id 4 ***
2017-01-10 16:57:02,854 :: INFO :: *** 4 is in the database ***
2017-01-10 16:57:02,855 :: INFO :: *** End processing id 4 ***
2017-01-16 11:23:59,101 :: INFO :: Starting Microservice i
2017-01-16 11:23:59,232 :: INFO :: Starting Microservice i
2017-01-16 11:24:04,807 :: INFO :: *** Start processing id 1 ***
2017-01-16 11:24:04,956 :: INFO :: *** Start processing id favicon.ico ***
2017-01-16 11:37:46,191 :: INFO :: Starting Microservice i
2017-01-16 11:37:46,327 :: INFO :: Starting Microservice i
2017-01-16 11:38:00,201 :: INFO :: *** Start processing id 1 ***
2017-01-16 11:41:14,696 :: INFO :: Starting Microservice i
2017-01-16 11:41:14,830 :: INFO :: Starting Microservice i
2017-01-16 11:41:19,491 :: INFO :: *** Start processing id 1 ***
2017-01-16 11:41:39,109 :: INFO :: Starting Microservice i
2017-01-16 11:41:44,299 :: INFO :: Starting Microservice i
2017-01-16 11:41:53,532 :: INFO :: Starting Microservice i
2017-01-16 11:41:55,719 :: INFO :: Starting Microservice i
2017-01-16 11:42:00,578 :: INFO :: Starting Microservice i
2017-01-16 11:42:00,713 :: INFO :: Starting Microservice i
2017-01-16 11:42:04,139 :: INFO :: *** Start processing id 1 ***
2017-01-16 11:43:26,045 :: INFO :: Starting Microservice i
2017-01-16 11:43:26,179 :: INFO :: Starting Microservice i
2017-01-16 11:43:28,396 :: INFO :: *** Start processing id 1 ***
2017-01-16 11:43:28,488 :: INFO :: *** 1 is unknown ***
2017-01-16 11:43:28,489 :: INFO :: *** End processing id 1 ***
2017-01-16 11:43:30,466 :: INFO :: *** Start processing id 1 ***
2017-01-16 11:44:03,490 :: INFO :: Starting Microservice i
2017-01-16 11:44:08,163 :: INFO :: *** Start processing id 1 ***
2017-01-16 11:44:08,163 :: INFO :: *** 1 is unknown ***
2017-01-16 11:44:08,163 :: INFO :: *** End processing id 1 ***
2017-01-16 11:44:09,073 :: INFO :: *** Start processing id 1 ***
2017-01-16 11:44:09,074 :: INFO :: *** 1 is unknown ***
2017-01-16 11:44:09,074 :: INFO :: *** End processing id 1 ***
2017-01-16 11:44:09,897 :: INFO :: *** Start processing id 1 ***
2017-01-16 11:44:09,898 :: INFO :: *** 1 is unknown ***
2017-01-16 11:44:09,898 :: INFO :: *** End processing id 1 ***
2017-01-16 11:44:10,636 :: INFO :: *** Start processing id 1 ***
2017-01-16 11:44:10,637 :: INFO :: *** 1 is unknown ***
2017-01-16 11:44:10,637 :: INFO :: *** End processing id 1 ***
2017-01-16 11:44:18,708 :: INFO :: Starting Microservice i
2017-01-16 11:44:22,028 :: INFO :: Starting Microservice i
2017-01-16 11:44:22,162 :: INFO :: Starting Microservice i
2017-01-16 11:44:25,411 :: INFO :: *** Start processing id 1 ***
2017-01-16 11:44:25,412 :: INFO :: *** 1 is unknown ***
2017-01-16 11:44:25,412 :: INFO :: *** End processing id 1 ***
2017-01-16 11:44:26,214 :: INFO :: *** Start processing id 1 ***
2017-01-16 11:44:26,215 :: INFO :: *** 1 is unknown ***
2017-01-16 11:44:26,215 :: INFO :: *** End processing id 1 ***
2017-01-16 11:45:25,331 :: INFO :: Starting Microservice i
2017-01-16 11:45:25,466 :: INFO :: Starting Microservice i
2017-01-16 11:45:26,433 :: INFO :: *** Start processing id 1 ***
2017-01-16 11:45:26,434 :: INFO :: *** 1 is unknown ***
2017-01-16 11:45:26,434 :: INFO :: *** End processing id 1 ***
2017-01-16 11:45:29,332 :: INFO :: *** Start processing id 1 ***
2017-01-16 11:45:29,333 :: INFO :: *** 1 is unknown ***
2017-01-16 11:45:29,333 :: INFO :: *** End processing id 1 ***
2017-01-16 11:45:30,400 :: INFO :: *** Start processing id 1 ***
2017-01-16 11:45:30,400 :: INFO :: *** 1 is unknown ***
2017-01-16 11:45:30,400 :: INFO :: *** End processing id 1 ***
2017-01-16 11:45:33,187 :: INFO :: *** Start processing id 2 ***
2017-01-16 11:45:33,188 :: INFO :: *** 2 is unknown ***
2017-01-16 11:45:33,188 :: INFO :: *** End processing id 2 ***
2017-01-16 11:47:13,359 :: INFO :: *** Start processing id 1 ***
2017-01-16 11:47:13,359 :: INFO :: *** 1 is unknown ***
2017-01-16 11:47:13,360 :: INFO :: *** End processing id 1 ***
2017-01-16 11:47:14,628 :: INFO :: *** Start processing id 1 ***
2017-01-16 11:47:14,629 :: INFO :: *** 1 is unknown ***
2017-01-16 11:47:14,629 :: INFO :: *** End processing id 1 ***
2017-01-16 11:47:55,238 :: INFO :: Starting Microservice i
2017-01-16 11:47:57,860 :: INFO :: *** Start processing id 1 ***
2017-01-16 11:47:57,861 :: INFO :: *** 1 is unknown ***
2017-01-16 11:47:57,862 :: INFO :: *** End processing id 1 ***
2017-01-16 11:47:58,677 :: INFO :: *** Start processing id 1 ***
2017-01-16 11:47:58,677 :: INFO :: *** 1 is unknown ***
2017-01-16 11:47:58,678 :: INFO :: *** End processing id 1 ***
2017-01-16 11:48:21,988 :: INFO :: *** Start processing id 1 ***
2017-01-16 11:48:21,988 :: INFO :: *** 1 is unknown ***
2017-01-16 11:48:21,989 :: INFO :: *** End processing id 1 ***
2017-01-16 11:48:22,831 :: INFO :: *** Start processing id 1 ***
2017-01-16 11:48:22,832 :: INFO :: *** 1 is unknown ***
2017-01-16 11:48:22,832 :: INFO :: *** End processing id 1 ***
2017-01-16 11:49:27,830 :: INFO :: Starting Microservice i
2017-01-16 11:50:05,146 :: INFO :: Starting Microservice i
2017-01-16 11:50:33,455 :: INFO :: Starting Microservice i
2017-01-16 11:50:40,656 :: INFO :: Starting Microservice i
2017-01-16 11:50:40,793 :: INFO :: Starting Microservice i
2017-01-16 11:50:44,619 :: INFO :: *** Start processing id 1 ***
2017-01-16 11:50:44,620 :: INFO :: *** 1 is unknown ***
2017-01-16 11:50:44,620 :: INFO :: *** End processing id 1 ***
2017-01-16 11:51:11,080 :: INFO :: Starting Microservice i
2017-01-16 11:52:19,851 :: INFO :: Starting Microservice i
2017-01-16 11:52:19,986 :: INFO :: Starting Microservice i
2017-01-16 11:52:22,601 :: INFO :: *** Start processing id 1 ***
2017-01-16 11:52:26,632 :: INFO :: *** Start processing id 2 ***
2017-01-16 11:52:38,212 :: INFO :: Starting Microservice i
2017-01-16 11:52:44,213 :: INFO :: *** Start processing id 2 ***
2017-01-16 11:52:52,430 :: INFO :: Starting Microservice i
2017-01-16 11:52:55,651 :: INFO :: *** Start processing id 2 ***
2017-01-16 11:52:55,651 :: INFO :: *** 2 is unknown ***
2017-01-16 11:52:55,652 :: INFO :: *** End processing id 2 ***
2017-01-16 11:52:58,721 :: INFO :: *** Start processing id 1 ***
2017-01-16 11:52:58,722 :: INFO :: *** 1 is in the database ***
2017-01-16 11:52:58,722 :: INFO :: *** End processing id 1 ***
2017-01-16 11:53:07,650 :: INFO :: Starting Microservice i
2017-01-16 11:53:09,453 :: INFO :: *** Start processing id 1 ***
2017-01-16 11:53:09,453 :: INFO :: *** 1 is in the database ***
2017-01-16 11:53:09,454 :: INFO :: *** End processing id 1 ***
2017-01-16 11:53:11,931 :: INFO :: *** Start processing id 2 ***
2017-01-16 11:53:11,931 :: INFO :: *** 2 is unknown ***
2017-01-16 11:53:11,932 :: INFO :: *** End processing id 2 ***
2017-01-16 11:53:31,925 :: INFO :: *** Start processing id 1 ***
2017-01-16 11:53:32,055 :: INFO :: *** 1 is unknown ***
2017-01-16 11:53:32,055 :: INFO :: *** End processing id 1 ***
2017-01-16 11:53:33,415 :: INFO :: *** Start processing id 1 ***
2017-01-16 11:53:33,415 :: INFO :: *** 1 is unknown ***
2017-01-16 11:53:33,416 :: INFO :: *** End processing id 1 ***
2017-01-16 11:53:34,076 :: INFO :: *** Start processing id 1 ***
2017-01-16 11:53:34,076 :: INFO :: *** 1 is unknown ***
2017-01-16 11:53:34,077 :: INFO :: *** End processing id 1 ***
