2017-01-10 16:48:43,150 :: INFO :: Starting Microservice i
2017-01-10 16:48:43,350 :: INFO :: Starting Microservice i
2017-01-10 16:49:43,208 :: INFO :: *** Start processing id 2 ***
2017-01-10 16:49:43,209 :: INFO :: *** 2 is unknown ***
2017-01-10 16:49:43,209 :: INFO :: *** End processing id 2 ***
2017-01-10 16:49:48,185 :: INFO :: *** Start processing id 1 ***
2017-01-10 16:49:48,186 :: INFO :: *** 1 is in the database ***
2017-01-10 16:49:48,187 :: INFO :: *** End processing id 1 ***
2017-01-10 16:50:12,423 :: INFO :: *** Start processing id 2 ***
2017-01-10 16:50:12,424 :: INFO :: *** 2 is unknown ***
2017-01-10 16:50:12,424 :: INFO :: *** End processing id 2 ***
2017-01-10 16:50:45,211 :: INFO :: *** Start processing id 2 ***
2017-01-10 16:50:45,212 :: INFO :: *** 2 is unknown ***
2017-01-10 16:50:45,212 :: INFO :: *** End processing id 2 ***
2017-01-10 16:50:46,810 :: INFO :: *** Start processing id 2 ***
2017-01-10 16:50:46,811 :: INFO :: *** 2 is unknown ***
2017-01-10 16:50:46,811 :: INFO :: *** End processing id 2 ***
2017-01-10 16:50:47,378 :: INFO :: *** Start processing id 2 ***
2017-01-10 16:50:47,379 :: INFO :: *** 2 is unknown ***
2017-01-10 16:50:47,379 :: INFO :: *** End processing id 2 ***
2017-01-10 16:51:05,080 :: INFO :: *** Start processing id 2 ***
2017-01-10 16:51:05,081 :: INFO :: *** 2 is unknown ***
2017-01-10 16:51:05,082 :: INFO :: *** End processing id 2 ***
2017-01-10 16:51:05,986 :: INFO :: *** Start processing id 2 ***
2017-01-10 16:51:05,987 :: INFO :: *** 2 is unknown ***
2017-01-10 16:51:05,987 :: INFO :: *** End processing id 2 ***
2017-01-10 16:51:06,979 :: INFO :: *** Start processing id 2 ***
2017-01-10 16:51:06,980 :: INFO :: *** 2 is unknown ***
2017-01-10 16:51:06,981 :: INFO :: *** End processing id 2 ***
2017-01-10 16:51:20,778 :: INFO :: *** Start processing id 2 ***
2017-01-10 16:51:20,779 :: INFO :: *** 2 is unknown ***
2017-01-10 16:51:20,779 :: INFO :: *** End processing id 2 ***
2017-01-10 16:51:37,673 :: INFO :: Starting Microservice i
2017-01-10 16:51:37,856 :: INFO :: Starting Microservice i
2017-01-10 16:51:41,105 :: INFO :: *** Start processing id 2 ***
2017-01-10 16:51:41,105 :: INFO :: *** 2 is in the database ***
2017-01-10 16:51:41,106 :: INFO :: *** End processing id 2 ***
2017-01-10 16:52:34,211 :: INFO :: Starting Microservice i
2017-01-10 16:52:35,410 :: INFO :: Starting Microservice i
2017-01-10 16:52:57,297 :: INFO :: *** Start processing id 2 ***
2017-01-10 16:52:57,297 :: INFO :: *** 2 is in the database ***
2017-01-10 16:52:57,298 :: INFO :: *** End processing id 2 ***
2017-01-10 16:52:59,246 :: INFO :: *** Start processing id 3 ***
2017-01-10 16:52:59,247 :: INFO :: *** 3 is unknown ***
2017-01-10 16:52:59,247 :: INFO :: *** End processing id 3 ***
2017-01-10 16:53:23,973 :: INFO :: *** Start processing id 3 ***
2017-01-10 16:53:23,974 :: INFO :: *** 3 is unknown ***
2017-01-10 16:53:23,974 :: INFO :: *** End processing id 3 ***
2017-01-10 16:53:25,140 :: INFO :: *** Start processing id 3 ***
2017-01-10 16:53:25,141 :: INFO :: *** 3 is unknown ***
2017-01-10 16:53:25,141 :: INFO :: *** End processing id 3 ***
2017-01-10 16:53:25,877 :: INFO :: *** Start processing id 3 ***
2017-01-10 16:53:25,877 :: INFO :: *** 3 is unknown ***
2017-01-10 16:53:25,878 :: INFO :: *** End processing id 3 ***
2017-01-10 16:53:26,364 :: INFO :: *** Start processing id 3 ***
2017-01-10 16:53:26,365 :: INFO :: *** 3 is unknown ***
2017-01-10 16:53:26,365 :: INFO :: *** End processing id 3 ***
2017-01-10 16:53:26,780 :: INFO :: *** Start processing id 3 ***
2017-01-10 16:53:26,781 :: INFO :: *** 3 is unknown ***
2017-01-10 16:53:26,782 :: INFO :: *** End processing id 3 ***
2017-01-10 16:53:27,239 :: INFO :: *** Start processing id 3 ***
2017-01-10 16:53:27,240 :: INFO :: *** 3 is unknown ***
2017-01-10 16:53:27,240 :: INFO :: *** End processing id 3 ***
2017-01-10 16:53:29,149 :: INFO :: *** Start processing id 2 ***
2017-01-10 16:53:29,150 :: INFO :: *** 2 is in the database ***
2017-01-10 16:53:29,150 :: INFO :: *** End processing id 2 ***
2017-01-10 16:53:30,413 :: INFO :: *** Start processing id 3 ***
2017-01-10 16:53:30,414 :: INFO :: *** 3 is unknown ***
2017-01-10 16:53:30,415 :: INFO :: *** End processing id 3 ***
2017-01-10 16:53:31,276 :: INFO :: *** Start processing id 3 ***
2017-01-10 16:53:31,277 :: INFO :: *** 3 is unknown ***
2017-01-10 16:53:31,277 :: INFO :: *** End processing id 3 ***
2017-01-10 16:54:14,962 :: INFO :: Starting Microservice i
2017-01-10 16:54:21,182 :: INFO :: Starting Microservice i
2017-01-10 16:54:26,388 :: INFO :: Starting Microservice i
2017-01-10 16:54:37,591 :: INFO :: Starting Microservice i
2017-01-10 16:54:41,778 :: INFO :: Starting Microservice i
2017-01-10 16:54:45,501 :: INFO :: Starting Microservice i
2017-01-10 16:54:45,636 :: INFO :: Starting Microservice i
2017-01-10 16:54:48,627 :: INFO :: *** Start processing id 3 ***
2017-01-10 16:55:14,913 :: INFO :: Starting Microservice i
2017-01-10 16:55:19,090 :: INFO :: Starting Microservice i
2017-01-10 16:55:22,781 :: INFO :: Starting Microservice i
2017-01-10 16:55:22,918 :: INFO :: Starting Microservice i
2017-01-10 16:55:26,969 :: INFO :: *** Start processing id 3 ***
2017-01-10 16:55:37,171 :: INFO :: Starting Microservice i
2017-01-10 16:55:40,351 :: INFO :: Starting Microservice i
2017-01-10 16:55:41,970 :: INFO :: Starting Microservice i
2017-01-10 16:55:42,104 :: INFO :: Starting Microservice i
2017-01-10 16:55:44,687 :: INFO :: *** Start processing id 3 ***
2017-01-10 16:55:56,346 :: INFO :: Starting Microservice i
2017-01-10 16:55:59,297 :: INFO :: *** Start processing id 3 ***
2017-01-10 16:55:59,300 :: INFO :: *** 3 is in the database ***
2017-01-10 16:55:59,302 :: INFO :: *** End processing id 3 ***
2017-01-10 16:56:01,115 :: INFO :: *** Start processing id 2 ***
2017-01-10 16:56:01,116 :: INFO :: *** 2 is in the database ***
2017-01-10 16:56:01,117 :: INFO :: *** End processing id 2 ***
2017-01-10 16:56:03,468 :: INFO :: *** Start processing id 3 ***
2017-01-10 16:56:03,470 :: INFO :: *** 3 is in the database ***
2017-01-10 16:56:03,471 :: INFO :: *** End processing id 3 ***
2017-01-10 16:56:26,736 :: INFO :: *** Start processing id 4 ***
2017-01-10 16:56:26,738 :: INFO :: *** 4 is unknown ***
2017-01-10 16:56:26,738 :: INFO :: *** End processing id 4 ***
2017-01-10 16:57:02,853 :: INFO :: *** Start processing id 4 ***
2017-01-10 16:57:02,854 :: INFO :: *** 4 is in the database ***
2017-01-10 16:57:02,855 :: INFO :: *** End processing id 4 ***
2017-01-16 12:21:37,621 :: INFO :: Starting Microservice b
2017-01-16 12:21:37,749 :: INFO :: Starting Microservice b
2017-01-16 12:21:52,673 :: INFO :: *** Start processing id 45 ***
2017-01-16 12:21:52,674 :: INFO :: *** End processing id 45 ***
